[debug] [2023-07-13T01:08:41.239Z] ----------------------------------------------------------------------
[debug] [2023-07-13T01:08:41.242Z] Command:       C:\Program Files\nodejs\node.exe C:\Users\Sarah\AppData\Roaming\npm\node_modules\firebase-tools\lib\bin\firebase.js init
[debug] [2023-07-13T01:08:41.242Z] CLI Version:   12.4.4
[debug] [2023-07-13T01:08:41.243Z] Platform:      win32
[debug] [2023-07-13T01:08:41.243Z] Node Version:  v18.16.1
[debug] [2023-07-13T01:08:41.244Z] Time:          Wed Jul 12 2023 18:08:41 GMT-0700 (Pacific Daylight Time)
[debug] [2023-07-13T01:08:41.245Z] ----------------------------------------------------------------------
[debug] 
[debug] [2023-07-13T01:08:41.255Z] > command requires scopes: ["email","openid","https://www.googleapis.com/auth/cloudplatformprojects.readonly","https://www.googleapis.com/auth/firebase","https://www.googleapis.com/auth/cloud-platform"]
[debug] [2023-07-13T01:08:41.256Z] > authorizing via signed-in user (sbade92@gmail.com)
[info] 
     ######## #### ########  ######## ########     ###     ######  ########
     ##        ##  ##     ## ##       ##     ##  ##   ##  ##       ##
     ######    ##  ########  ######   ########  #########  ######  ######
     ##        ##  ##    ##  ##       ##     ## ##     ##       ## ##
     ##       #### ##     ## ######## ########  ##     ##  ######  ########

You're about to initialize a Firebase project in this directory:

  C:\home-screen

Before we get started, keep in mind:

  * You are currently outside your home directory

[info] 
=== Project Setup
[info] 
[info] First, let's associate this project directory with a Firebase project.
[info] You can create multiple project aliases by running firebase use --add, 
[info] but for now we'll just set up a default project.
[info] 
